<html>
<head>
<title>TestNG:  Test-Runner-firefox</title>
<link href="../testng.css" rel="stylesheet" type="text/css" />
<link href="../my-testng.css" rel="stylesheet" type="text/css" />

<style type="text/css">
.log { display: none;} 
.stack-trace { display: none;} 
</style>
<script type="text/javascript">
<!--
function flip(e) {
  current = e.style.display;
  if (current == 'block') {
    e.style.display = 'none';
    return 0;
  }
  else {
    e.style.display = 'block';
    return 1;
  }
}

function toggleBox(szDivId, elem, msg1, msg2)
{
  var res = -1;  if (document.getElementById) {
    res = flip(document.getElementById(szDivId));
  }
  else if (document.all) {
    // this is the way old msie versions work
    res = flip(document.all[szDivId]);
  }
  if(elem) {
    if(res == 0) elem.innerHTML = msg1; else elem.innerHTML = msg2;
  }

}

function toggleAllBoxes() {
  if (document.getElementsByTagName) {
    d = document.getElementsByTagName('div');
    for (i = 0; i < d.length; i++) {
      if (d[i].className == 'log') {
        flip(d[i]);
      }
    }
  }
}

// -->
</script>

</head>
<body>
<h2 align='center'>Test-Runner-firefox</h2><table border='1' align="center">
<tr>
<td>Tests passed/Failed/Skipped:</td><td>0/0/2</td>
</tr><tr>
<td>Started on:</td><td>Tue Aug 09 23:20:07 IST 2022</td>
</tr>
<tr><td>Total time:</td><td>31 seconds (31193 ms)</td>
</tr><tr>
<td>Included groups:</td><td></td>
</tr><tr>
<td>Excluded groups:</td><td></td>
</tr>
</table><p/>
<small><i>(Hover the method name to see the test class name)</i></small><p/>
<table width='100%' border='1' class='invocation-failed'>
<tr><td colspan='4' align='center'><b>FAILED CONFIGURATIONS</b></td></tr>
<tr><td><b>Test method</b></td>
<td width="30%"><b>Exception</b></td>
<td width="10%"><b>Time (seconds)</b></td>
<td><b>Instance</b></td>
</tr>
<tr>
<td title='com.crm.Campaign.CampaignAdvanceSaerchTest.launchTheBrowse()'><b>launchTheBrowse</b><br>Test class: com.crm.Campaign.CampaignAdvanceSaerchTest</td>
<td><div><pre>org.openqa.selenium.SessionNotCreatedException: session not created
from disconnected: received Inspector.detached event
  (Session info: chrome=104.0.5112.79)
Build info: version: &apos;3.141.59&apos;, revision: &apos;e82be7d358&apos;, time: &apos;2018-11-14T08:17:03&apos;
System info: host: &apos;RESHMA-PC&apos;, ip: &apos;192.168.61.1&apos;, os.name: &apos;Windows 10&apos;, os.arch: &apos;amd64&apos;, os.version: &apos;10.0&apos;, java.version: &apos;16.0.1&apos;
Driver info: driver.version: ChromeDriver
remote stacktrace: Backtrace:
	Ordinal0 [0x008778B3+2193587]
	Ordinal0 [0x00810681+1771137]
	Ordinal0 [0x007241A8+803240]
	Ordinal0 [0x00717E1E+753182]
	Ordinal0 [0x00717A0F+752143]
	Ordinal0 [0x00716FAF+749487]
	Ordinal0 [0x00715E94+745108]
	Ordinal0 [0x0071636D+746349]
	Ordinal0 [0x00715AA5+744101]
	Ordinal0 [0x0071FD53+785747]
	Ordinal0 [0x00715A55+744021]
	Ordinal0 [0x00716B58+748376]
	Ordinal0 [0x00715E94+745108]
	Ordinal0 [0x0071636D+746349]
	Ordinal0 [0x00715AA5+744101]
	Ordinal0 [0x0071DA58+776792]
	Ordinal0 [0x00715A55+744021]
	Ordinal0 [0x00716B58+748376]
	Ordinal0 [0x00715E94+745108]
	Ordinal0 [0x0071636D+746349]
	Ordinal0 [0x00715AA5+744101]
	Ordinal0 [0x0071B452+767058]
	Ordinal0 [0x00715A55+744021]
	Ordinal0 [0x00716B58+748376]
	Ordinal0 [0x00715E94+745108]
	Ordinal0 [0x0071636D+746349]
	Ordinal0 [0x00715AA5+744101]
	Ordinal0 [0x0071148D+726157]
	Ordinal0 [0x00715A55+744021]
	Ordinal0 [0x007157E0+743392]
	Ordinal0 [0x00715529+742697]
	Ordinal0 [0x00725500+808192]
	Ordinal0 [0x00773449+1127497]
	Ordinal0 [0x0077200A+1122314]
	Ordinal0 [0x0076D5C6+1103302]
	Ordinal0 [0x007477E0+948192]
	Ordinal0 [0x007486E6+952038]
	GetHandleVerifier [0x00B20CB2+2738370]
	GetHandleVerifier [0x00B121B8+2678216]
	GetHandleVerifier [0x009017AA+512954]
	GetHandleVerifier [0x00900856+509030]
	Ordinal0 [0x0081743B+1799227]
	Ordinal0 [0x0081BB68+1817448]
	Ordinal0 [0x0081BC55+1817685]
	Ordinal0 [0x00825230+1856048]
	BaseThreadInitThunk [0x75FAFA29+25]
	RtlGetAppContainerNamedObjectPath [0x776C7A9E+286]
	RtlGetAppContainerNamedObjectPath [0x776C7A6E+238]

	at org.openqa.selenium.remote.W3CHandshakeResponse.lambda$errorHandler$0(W3CHandshakeResponse.java:62)
	at org.openqa.selenium.remote.HandshakeResponse.lambda$getResponseFunction$0(HandshakeResponse.java:30)
	at org.openqa.selenium.remote.ProtocolHandshake.lambda$createSession$0(ProtocolHandshake.java:126)
	at java.base/java.util.stream.ReferencePipeline$3$1.accept(ReferencePipeline.java:197)
	at java.base/java.util.Spliterators$ArraySpliterator.tryAdvance(Spliterators.java:958)
	at java.base/java.util.stream.ReferencePipeline.forEachWithCancel(ReferencePipeline.java:129)
	at java.base/java.util.stream.AbstractPipeline.copyIntoWithCancel(AbstractPipeline.java:502)
	at java.base/java.util.stream.AbstractPipeline.copyInto(AbstractPipeline.java:488)
	at java.base/java.util.stream.AbstractPipeline.wrapAndCopyInto(AbstractPipeline.java:474)
	at java.base/java.util.stream.FindOps$FindOp.evaluateSequential(FindOps.java:150)
	at java.base/java.util.stream.AbstractPipeline.evaluate(AbstractPipeline.java:234)
	at java.base/java.util.stream.ReferencePipeline.findFirst(ReferencePipeline.java:647)
	at org.openqa.selenium.remote.ProtocolHandshake.createSession(ProtocolHandshake.java:128)
	at org.openqa.selenium.remote.ProtocolHandshake.createSession(ProtocolHandshake.java:74)
	at org.openqa.selenium.remote.HttpCommandExecutor.execute(HttpCommandExecutor.java:136)
	at org.openqa.selenium.remote.service.DriverCommandExecutor.execute(DriverCommandExecutor.java:83)
	at org.openqa.selenium.remote.RemoteWebDriver.execute(RemoteWebDriver.java:552)
	at org.openqa.selenium.remote.RemoteWebDriver.startSession(RemoteWebDriver.java:213)
	at org.openqa.selenium.remote.RemoteWebDriver.&lt;init&gt;(RemoteWebDriver.java:131)
	at org.openqa.selenium.chrome.ChromeDriver.&lt;init&gt;(ChromeDriver.java:181)
	at org.openqa.selenium.chrome.ChromeDriver.&lt;init&gt;(ChromeDriver.java:168)
	at org.openqa.selenium.chrome.ChromeDriver.&lt;init&gt;(ChromeDriver.java:123)
	at GenericUtilities.BaseClassUtilities.launchTheBrowse(BaseClassUtilities.java:45)
	at java.base/java.util.ArrayList.forEach(ArrayList.java:1511)
	at java.base/java.util.concurrent.FutureTask.run(FutureTask.java:264)
	at java.base/java.util.concurrent.ThreadPoolExecutor.runWorker(ThreadPoolExecutor.java:1130)
	at java.base/java.util.concurrent.ThreadPoolExecutor$Worker.run(ThreadPoolExecutor.java:630)
	at java.base/java.lang.Thread.run(Thread.java:831)
... Removed 21 stack frames</pre></div><a href='#' onClick='toggleBox("stack-trace117694154", this, "Click to show all stack frames", "Click to hide stack frames")'>Click to show all stack frames</a>
<div class='stack-trace' id='stack-trace117694154'><pre>org.openqa.selenium.SessionNotCreatedException: session not created
from disconnected: received Inspector.detached event
  (Session info: chrome=104.0.5112.79)
Build info: version: &apos;3.141.59&apos;, revision: &apos;e82be7d358&apos;, time: &apos;2018-11-14T08:17:03&apos;
System info: host: &apos;RESHMA-PC&apos;, ip: &apos;192.168.61.1&apos;, os.name: &apos;Windows 10&apos;, os.arch: &apos;amd64&apos;, os.version: &apos;10.0&apos;, java.version: &apos;16.0.1&apos;
Driver info: driver.version: ChromeDriver
remote stacktrace: Backtrace:
	Ordinal0 [0x008778B3+2193587]
	Ordinal0 [0x00810681+1771137]
	Ordinal0 [0x007241A8+803240]
	Ordinal0 [0x00717E1E+753182]
	Ordinal0 [0x00717A0F+752143]
	Ordinal0 [0x00716FAF+749487]
	Ordinal0 [0x00715E94+745108]
	Ordinal0 [0x0071636D+746349]
	Ordinal0 [0x00715AA5+744101]
	Ordinal0 [0x0071FD53+785747]
	Ordinal0 [0x00715A55+744021]
	Ordinal0 [0x00716B58+748376]
	Ordinal0 [0x00715E94+745108]
	Ordinal0 [0x0071636D+746349]
	Ordinal0 [0x00715AA5+744101]
	Ordinal0 [0x0071DA58+776792]
	Ordinal0 [0x00715A55+744021]
	Ordinal0 [0x00716B58+748376]
	Ordinal0 [0x00715E94+745108]
	Ordinal0 [0x0071636D+746349]
	Ordinal0 [0x00715AA5+744101]
	Ordinal0 [0x0071B452+767058]
	Ordinal0 [0x00715A55+744021]
	Ordinal0 [0x00716B58+748376]
	Ordinal0 [0x00715E94+745108]
	Ordinal0 [0x0071636D+746349]
	Ordinal0 [0x00715AA5+744101]
	Ordinal0 [0x0071148D+726157]
	Ordinal0 [0x00715A55+744021]
	Ordinal0 [0x007157E0+743392]
	Ordinal0 [0x00715529+742697]
	Ordinal0 [0x00725500+808192]
	Ordinal0 [0x00773449+1127497]
	Ordinal0 [0x0077200A+1122314]
	Ordinal0 [0x0076D5C6+1103302]
	Ordinal0 [0x007477E0+948192]
	Ordinal0 [0x007486E6+952038]
	GetHandleVerifier [0x00B20CB2+2738370]
	GetHandleVerifier [0x00B121B8+2678216]
	GetHandleVerifier [0x009017AA+512954]
	GetHandleVerifier [0x00900856+509030]
	Ordinal0 [0x0081743B+1799227]
	Ordinal0 [0x0081BB68+1817448]
	Ordinal0 [0x0081BC55+1817685]
	Ordinal0 [0x00825230+1856048]
	BaseThreadInitThunk [0x75FAFA29+25]
	RtlGetAppContainerNamedObjectPath [0x776C7A9E+286]
	RtlGetAppContainerNamedObjectPath [0x776C7A6E+238]

	at java.base/jdk.internal.reflect.NativeConstructorAccessorImpl.newInstance0(Native Method)
	at java.base/jdk.internal.reflect.NativeConstructorAccessorImpl.newInstance(NativeConstructorAccessorImpl.java:78)
	at java.base/jdk.internal.reflect.DelegatingConstructorAccessorImpl.newInstance(DelegatingConstructorAccessorImpl.java:45)
	at java.base/java.lang.reflect.Constructor.newInstanceWithCaller(Constructor.java:499)
	at java.base/java.lang.reflect.Constructor.newInstance(Constructor.java:480)
	at org.openqa.selenium.remote.W3CHandshakeResponse.lambda$errorHandler$0(W3CHandshakeResponse.java:62)
	at org.openqa.selenium.remote.HandshakeResponse.lambda$getResponseFunction$0(HandshakeResponse.java:30)
	at org.openqa.selenium.remote.ProtocolHandshake.lambda$createSession$0(ProtocolHandshake.java:126)
	at java.base/java.util.stream.ReferencePipeline$3$1.accept(ReferencePipeline.java:197)
	at java.base/java.util.Spliterators$ArraySpliterator.tryAdvance(Spliterators.java:958)
	at java.base/java.util.stream.ReferencePipeline.forEachWithCancel(ReferencePipeline.java:129)
	at java.base/java.util.stream.AbstractPipeline.copyIntoWithCancel(AbstractPipeline.java:502)
	at java.base/java.util.stream.AbstractPipeline.copyInto(AbstractPipeline.java:488)
	at java.base/java.util.stream.AbstractPipeline.wrapAndCopyInto(AbstractPipeline.java:474)
	at java.base/java.util.stream.FindOps$FindOp.evaluateSequential(FindOps.java:150)
	at java.base/java.util.stream.AbstractPipeline.evaluate(AbstractPipeline.java:234)
	at java.base/java.util.stream.ReferencePipeline.findFirst(ReferencePipeline.java:647)
	at org.openqa.selenium.remote.ProtocolHandshake.createSession(ProtocolHandshake.java:128)
	at org.openqa.selenium.remote.ProtocolHandshake.createSession(ProtocolHandshake.java:74)
	at org.openqa.selenium.remote.HttpCommandExecutor.execute(HttpCommandExecutor.java:136)
	at org.openqa.selenium.remote.service.DriverCommandExecutor.execute(DriverCommandExecutor.java:83)
	at org.openqa.selenium.remote.RemoteWebDriver.execute(RemoteWebDriver.java:552)
	at org.openqa.selenium.remote.RemoteWebDriver.startSession(RemoteWebDriver.java:213)
	at org.openqa.selenium.remote.RemoteWebDriver.&lt;init&gt;(RemoteWebDriver.java:131)
	at org.openqa.selenium.chrome.ChromeDriver.&lt;init&gt;(ChromeDriver.java:181)
	at org.openqa.selenium.chrome.ChromeDriver.&lt;init&gt;(ChromeDriver.java:168)
	at org.openqa.selenium.chrome.ChromeDriver.&lt;init&gt;(ChromeDriver.java:123)
	at GenericUtilities.BaseClassUtilities.launchTheBrowse(BaseClassUtilities.java:45)
	at java.base/jdk.internal.reflect.NativeMethodAccessorImpl.invoke0(Native Method)
	at java.base/jdk.internal.reflect.NativeMethodAccessorImpl.invoke(NativeMethodAccessorImpl.java:78)
	at java.base/jdk.internal.reflect.DelegatingMethodAccessorImpl.invoke(DelegatingMethodAccessorImpl.java:43)
	at java.base/java.lang.reflect.Method.invoke(Method.java:567)
	at org.testng.internal.MethodInvocationHelper.invokeMethod(MethodInvocationHelper.java:133)
	at org.testng.internal.MethodInvocationHelper.invokeMethodConsideringTimeout(MethodInvocationHelper.java:62)
	at org.testng.internal.ConfigInvoker.invokeConfigurationMethod(ConfigInvoker.java:385)
	at org.testng.internal.ConfigInvoker.invokeConfigurations(ConfigInvoker.java:321)
	at org.testng.internal.TestMethodWorker.invokeBeforeClassMethods(TestMethodWorker.java:176)
	at org.testng.internal.TestMethodWorker.run(TestMethodWorker.java:122)
	at java.base/java.util.ArrayList.forEach(ArrayList.java:1511)
	at org.testng.TestRunner.privateRun(TestRunner.java:794)
	at org.testng.TestRunner.run(TestRunner.java:596)
	at org.testng.SuiteRunner.runTest(SuiteRunner.java:377)
	at org.testng.SuiteRunner.access$000(SuiteRunner.java:28)
	at org.testng.SuiteRunner$SuiteWorker.run(SuiteRunner.java:418)
	at org.testng.internal.thread.ThreadUtil.lambda$execute$0(ThreadUtil.java:64)
	at java.base/java.util.concurrent.FutureTask.run(FutureTask.java:264)
	at java.base/java.util.concurrent.ThreadPoolExecutor.runWorker(ThreadPoolExecutor.java:1130)
	at java.base/java.util.concurrent.ThreadPoolExecutor$Worker.run(ThreadPoolExecutor.java:630)
	at java.base/java.lang.Thread.run(Thread.java:831)
</pre></div></td>
<td>12</td>
<td>com.crm.Campaign.CampaignAdvanceSaerchTest@2ea41516</td></tr>
<tr>
<td title='com.crm.CreateProducts.CreateProductionTest.launchTheBrowse()'><b>launchTheBrowse</b><br>Test class: com.crm.CreateProducts.CreateProductionTest</td>
<td><div><pre>java.lang.NullPointerException: Cannot invoke &quot;org.openqa.selenium.WebDriver.manage()&quot; because &quot;this.driver&quot; is null
	at GenericUtilities.WebDriverUtilities.WaitForPageToLoad(WebDriverUtilities.java:35)
	at GenericUtilities.BaseClassUtilities.launchTheBrowse(BaseClassUtilities.java:57)
	at java.base/java.util.ArrayList.forEach(ArrayList.java:1511)
	at java.base/java.util.concurrent.FutureTask.run(FutureTask.java:264)
	at java.base/java.util.concurrent.ThreadPoolExecutor.runWorker(ThreadPoolExecutor.java:1130)
	at java.base/java.util.concurrent.ThreadPoolExecutor$Worker.run(ThreadPoolExecutor.java:630)
	at java.base/java.lang.Thread.run(Thread.java:831)
... Removed 16 stack frames</pre></div><a href='#' onClick='toggleBox("stack-trace174272413", this, "Click to show all stack frames", "Click to hide stack frames")'>Click to show all stack frames</a>
<div class='stack-trace' id='stack-trace174272413'><pre>java.lang.NullPointerException: Cannot invoke &quot;org.openqa.selenium.WebDriver.manage()&quot; because &quot;this.driver&quot; is null
	at GenericUtilities.WebDriverUtilities.WaitForPageToLoad(WebDriverUtilities.java:35)
	at GenericUtilities.BaseClassUtilities.launchTheBrowse(BaseClassUtilities.java:57)
	at java.base/jdk.internal.reflect.NativeMethodAccessorImpl.invoke0(Native Method)
	at java.base/jdk.internal.reflect.NativeMethodAccessorImpl.invoke(NativeMethodAccessorImpl.java:78)
	at java.base/jdk.internal.reflect.DelegatingMethodAccessorImpl.invoke(DelegatingMethodAccessorImpl.java:43)
	at java.base/java.lang.reflect.Method.invoke(Method.java:567)
	at org.testng.internal.MethodInvocationHelper.invokeMethod(MethodInvocationHelper.java:133)
	at org.testng.internal.MethodInvocationHelper.invokeMethodConsideringTimeout(MethodInvocationHelper.java:62)
	at org.testng.internal.ConfigInvoker.invokeConfigurationMethod(ConfigInvoker.java:385)
	at org.testng.internal.ConfigInvoker.invokeConfigurations(ConfigInvoker.java:321)
	at org.testng.internal.TestMethodWorker.invokeBeforeClassMethods(TestMethodWorker.java:176)
	at org.testng.internal.TestMethodWorker.run(TestMethodWorker.java:122)
	at java.base/java.util.ArrayList.forEach(ArrayList.java:1511)
	at org.testng.TestRunner.privateRun(TestRunner.java:794)
	at org.testng.TestRunner.run(TestRunner.java:596)
	at org.testng.SuiteRunner.runTest(SuiteRunner.java:377)
	at org.testng.SuiteRunner.access$000(SuiteRunner.java:28)
	at org.testng.SuiteRunner$SuiteWorker.run(SuiteRunner.java:418)
	at org.testng.internal.thread.ThreadUtil.lambda$execute$0(ThreadUtil.java:64)
	at java.base/java.util.concurrent.FutureTask.run(FutureTask.java:264)
	at java.base/java.util.concurrent.ThreadPoolExecutor.runWorker(ThreadPoolExecutor.java:1130)
	at java.base/java.util.concurrent.ThreadPoolExecutor$Worker.run(ThreadPoolExecutor.java:630)
	at java.base/java.lang.Thread.run(Thread.java:831)
</pre></div></td>
<td>18</td>
<td>com.crm.CreateProducts.CreateProductionTest@3ee37e5a</td></tr>
</table><p>
<table width='100%' border='1' class='invocation-skipped'>
<tr><td colspan='4' align='center'><b>SKIPPED CONFIGURATIONS</b></td></tr>
<tr><td><b>Test method</b></td>
<td width="30%"><b>Exception</b></td>
<td width="10%"><b>Time (seconds)</b></td>
<td><b>Instance</b></td>
</tr>
<tr>
<td title='com.crm.CreateProducts.CreateProductionTest.closeTheBrowser()'><b>closeTheBrowser</b><br>Test class: com.crm.CreateProducts.CreateProductionTest</td>
<td></td>
<td>-1660067426</td>
<td>com.crm.CreateProducts.CreateProductionTest@3ee37e5a</td></tr>
<tr>
<td title='com.crm.Campaign.CampaignAdvanceSaerchTest.LogoutFromAppln()'><b>LogoutFromAppln</b><br>Test class: com.crm.Campaign.CampaignAdvanceSaerchTest</td>
<td></td>
<td>-1660067439</td>
<td>com.crm.Campaign.CampaignAdvanceSaerchTest@2ea41516</td></tr>
<tr>
<td title='com.crm.Campaign.CampaignAdvanceSaerchTest.loginToAppln()'><b>loginToAppln</b><br>Test class: com.crm.Campaign.CampaignAdvanceSaerchTest</td>
<td></td>
<td>-1660067439</td>
<td>com.crm.Campaign.CampaignAdvanceSaerchTest@2ea41516</td></tr>
<tr>
<td title='com.crm.CreateProducts.CreateProductionTest.loginToAppln()'><b>loginToAppln</b><br>Test class: com.crm.CreateProducts.CreateProductionTest</td>
<td></td>
<td>-1660067426</td>
<td>com.crm.CreateProducts.CreateProductionTest@3ee37e5a</td></tr>
<tr>
<td title='com.crm.CreateProducts.CreateProductionTest.LogoutFromAppln()'><b>LogoutFromAppln</b><br>Test class: com.crm.CreateProducts.CreateProductionTest</td>
<td></td>
<td>-1660067426</td>
<td>com.crm.CreateProducts.CreateProductionTest@3ee37e5a</td></tr>
<tr>
<td title='com.crm.Campaign.CampaignAdvanceSaerchTest.closeTheBrowser()'><b>closeTheBrowser</b><br>Test class: com.crm.Campaign.CampaignAdvanceSaerchTest</td>
<td></td>
<td>-1660067439</td>
<td>com.crm.Campaign.CampaignAdvanceSaerchTest@2ea41516</td></tr>
</table><p>
<table width='100%' border='1' class='invocation-skipped'>
<tr><td colspan='4' align='center'><b>SKIPPED TESTS</b></td></tr>
<tr><td><b>Test method</b></td>
<td width="30%"><b>Exception</b></td>
<td width="10%"><b>Time (seconds)</b></td>
<td><b>Instance</b></td>
</tr>
<tr>
<td title='com.crm.CreateProducts.CreateProductionTest.CreateProduct()'><b>CreateProduct</b><br>Test class: com.crm.CreateProducts.CreateProductionTest</td>
<td><div><pre>java.lang.NullPointerException: Cannot invoke &quot;org.openqa.selenium.WebDriver.manage()&quot; because &quot;this.driver&quot; is null
	at GenericUtilities.WebDriverUtilities.WaitForPageToLoad(WebDriverUtilities.java:35)
	at GenericUtilities.BaseClassUtilities.launchTheBrowse(BaseClassUtilities.java:57)
	at java.base/java.util.ArrayList.forEach(ArrayList.java:1511)
	at java.base/java.util.concurrent.FutureTask.run(FutureTask.java:264)
	at java.base/java.util.concurrent.ThreadPoolExecutor.runWorker(ThreadPoolExecutor.java:1130)
	at java.base/java.util.concurrent.ThreadPoolExecutor$Worker.run(ThreadPoolExecutor.java:630)
	at java.base/java.lang.Thread.run(Thread.java:831)
... Removed 16 stack frames</pre></div><a href='#' onClick='toggleBox("stack-trace293438986", this, "Click to show all stack frames", "Click to hide stack frames")'>Click to show all stack frames</a>
<div class='stack-trace' id='stack-trace293438986'><pre>java.lang.NullPointerException: Cannot invoke &quot;org.openqa.selenium.WebDriver.manage()&quot; because &quot;this.driver&quot; is null
	at GenericUtilities.WebDriverUtilities.WaitForPageToLoad(WebDriverUtilities.java:35)
	at GenericUtilities.BaseClassUtilities.launchTheBrowse(BaseClassUtilities.java:57)
	at java.base/jdk.internal.reflect.NativeMethodAccessorImpl.invoke0(Native Method)
	at java.base/jdk.internal.reflect.NativeMethodAccessorImpl.invoke(NativeMethodAccessorImpl.java:78)
	at java.base/jdk.internal.reflect.DelegatingMethodAccessorImpl.invoke(DelegatingMethodAccessorImpl.java:43)
	at java.base/java.lang.reflect.Method.invoke(Method.java:567)
	at org.testng.internal.MethodInvocationHelper.invokeMethod(MethodInvocationHelper.java:133)
	at org.testng.internal.MethodInvocationHelper.invokeMethodConsideringTimeout(MethodInvocationHelper.java:62)
	at org.testng.internal.ConfigInvoker.invokeConfigurationMethod(ConfigInvoker.java:385)
	at org.testng.internal.ConfigInvoker.invokeConfigurations(ConfigInvoker.java:321)
	at org.testng.internal.TestMethodWorker.invokeBeforeClassMethods(TestMethodWorker.java:176)
	at org.testng.internal.TestMethodWorker.run(TestMethodWorker.java:122)
	at java.base/java.util.ArrayList.forEach(ArrayList.java:1511)
	at org.testng.TestRunner.privateRun(TestRunner.java:794)
	at org.testng.TestRunner.run(TestRunner.java:596)
	at org.testng.SuiteRunner.runTest(SuiteRunner.java:377)
	at org.testng.SuiteRunner.access$000(SuiteRunner.java:28)
	at org.testng.SuiteRunner$SuiteWorker.run(SuiteRunner.java:418)
	at org.testng.internal.thread.ThreadUtil.lambda$execute$0(ThreadUtil.java:64)
	at java.base/java.util.concurrent.FutureTask.run(FutureTask.java:264)
	at java.base/java.util.concurrent.ThreadPoolExecutor.runWorker(ThreadPoolExecutor.java:1130)
	at java.base/java.util.concurrent.ThreadPoolExecutor$Worker.run(ThreadPoolExecutor.java:630)
	at java.base/java.lang.Thread.run(Thread.java:831)
</pre></div></td>
<td>0</td>
<td>com.crm.CreateProducts.CreateProductionTest@3ee37e5a</td></tr>
<tr>
<td title='com.crm.Campaign.CampaignAdvanceSaerchTest.CampaignAdvanceSearch()'><b>CampaignAdvanceSearch</b><br>Test class: com.crm.Campaign.CampaignAdvanceSaerchTest</td>
<td><div><pre>org.openqa.selenium.SessionNotCreatedException: session not created
from disconnected: received Inspector.detached event
  (Session info: chrome=104.0.5112.79)
Build info: version: &apos;3.141.59&apos;, revision: &apos;e82be7d358&apos;, time: &apos;2018-11-14T08:17:03&apos;
System info: host: &apos;RESHMA-PC&apos;, ip: &apos;192.168.61.1&apos;, os.name: &apos;Windows 10&apos;, os.arch: &apos;amd64&apos;, os.version: &apos;10.0&apos;, java.version: &apos;16.0.1&apos;
Driver info: driver.version: ChromeDriver
remote stacktrace: Backtrace:
	Ordinal0 [0x008778B3+2193587]
	Ordinal0 [0x00810681+1771137]
	Ordinal0 [0x007241A8+803240]
	Ordinal0 [0x00717E1E+753182]
	Ordinal0 [0x00717A0F+752143]
	Ordinal0 [0x00716FAF+749487]
	Ordinal0 [0x00715E94+745108]
	Ordinal0 [0x0071636D+746349]
	Ordinal0 [0x00715AA5+744101]
	Ordinal0 [0x0071FD53+785747]
	Ordinal0 [0x00715A55+744021]
	Ordinal0 [0x00716B58+748376]
	Ordinal0 [0x00715E94+745108]
	Ordinal0 [0x0071636D+746349]
	Ordinal0 [0x00715AA5+744101]
	Ordinal0 [0x0071DA58+776792]
	Ordinal0 [0x00715A55+744021]
	Ordinal0 [0x00716B58+748376]
	Ordinal0 [0x00715E94+745108]
	Ordinal0 [0x0071636D+746349]
	Ordinal0 [0x00715AA5+744101]
	Ordinal0 [0x0071B452+767058]
	Ordinal0 [0x00715A55+744021]
	Ordinal0 [0x00716B58+748376]
	Ordinal0 [0x00715E94+745108]
	Ordinal0 [0x0071636D+746349]
	Ordinal0 [0x00715AA5+744101]
	Ordinal0 [0x0071148D+726157]
	Ordinal0 [0x00715A55+744021]
	Ordinal0 [0x007157E0+743392]
	Ordinal0 [0x00715529+742697]
	Ordinal0 [0x00725500+808192]
	Ordinal0 [0x00773449+1127497]
	Ordinal0 [0x0077200A+1122314]
	Ordinal0 [0x0076D5C6+1103302]
	Ordinal0 [0x007477E0+948192]
	Ordinal0 [0x007486E6+952038]
	GetHandleVerifier [0x00B20CB2+2738370]
	GetHandleVerifier [0x00B121B8+2678216]
	GetHandleVerifier [0x009017AA+512954]
	GetHandleVerifier [0x00900856+509030]
	Ordinal0 [0x0081743B+1799227]
	Ordinal0 [0x0081BB68+1817448]
	Ordinal0 [0x0081BC55+1817685]
	Ordinal0 [0x00825230+1856048]
	BaseThreadInitThunk [0x75FAFA29+25]
	RtlGetAppContainerNamedObjectPath [0x776C7A9E+286]
	RtlGetAppContainerNamedObjectPath [0x776C7A6E+238]

	at org.openqa.selenium.remote.W3CHandshakeResponse.lambda$errorHandler$0(W3CHandshakeResponse.java:62)
	at org.openqa.selenium.remote.HandshakeResponse.lambda$getResponseFunction$0(HandshakeResponse.java:30)
	at org.openqa.selenium.remote.ProtocolHandshake.lambda$createSession$0(ProtocolHandshake.java:126)
	at java.base/java.util.stream.ReferencePipeline$3$1.accept(ReferencePipeline.java:197)
	at java.base/java.util.Spliterators$ArraySpliterator.tryAdvance(Spliterators.java:958)
	at java.base/java.util.stream.ReferencePipeline.forEachWithCancel(ReferencePipeline.java:129)
	at java.base/java.util.stream.AbstractPipeline.copyIntoWithCancel(AbstractPipeline.java:502)
	at java.base/java.util.stream.AbstractPipeline.copyInto(AbstractPipeline.java:488)
	at java.base/java.util.stream.AbstractPipeline.wrapAndCopyInto(AbstractPipeline.java:474)
	at java.base/java.util.stream.FindOps$FindOp.evaluateSequential(FindOps.java:150)
	at java.base/java.util.stream.AbstractPipeline.evaluate(AbstractPipeline.java:234)
	at java.base/java.util.stream.ReferencePipeline.findFirst(ReferencePipeline.java:647)
	at org.openqa.selenium.remote.ProtocolHandshake.createSession(ProtocolHandshake.java:128)
	at org.openqa.selenium.remote.ProtocolHandshake.createSession(ProtocolHandshake.java:74)
	at org.openqa.selenium.remote.HttpCommandExecutor.execute(HttpCommandExecutor.java:136)
	at org.openqa.selenium.remote.service.DriverCommandExecutor.execute(DriverCommandExecutor.java:83)
	at org.openqa.selenium.remote.RemoteWebDriver.execute(RemoteWebDriver.java:552)
	at org.openqa.selenium.remote.RemoteWebDriver.startSession(RemoteWebDriver.java:213)
	at org.openqa.selenium.remote.RemoteWebDriver.&lt;init&gt;(RemoteWebDriver.java:131)
	at org.openqa.selenium.chrome.ChromeDriver.&lt;init&gt;(ChromeDriver.java:181)
	at org.openqa.selenium.chrome.ChromeDriver.&lt;init&gt;(ChromeDriver.java:168)
	at org.openqa.selenium.chrome.ChromeDriver.&lt;init&gt;(ChromeDriver.java:123)
	at GenericUtilities.BaseClassUtilities.launchTheBrowse(BaseClassUtilities.java:45)
	at java.base/java.util.ArrayList.forEach(ArrayList.java:1511)
	at java.base/java.util.concurrent.FutureTask.run(FutureTask.java:264)
	at java.base/java.util.concurrent.ThreadPoolExecutor.runWorker(ThreadPoolExecutor.java:1130)
	at java.base/java.util.concurrent.ThreadPoolExecutor$Worker.run(ThreadPoolExecutor.java:630)
	at java.base/java.lang.Thread.run(Thread.java:831)
... Removed 21 stack frames</pre></div><a href='#' onClick='toggleBox("stack-trace794137839", this, "Click to show all stack frames", "Click to hide stack frames")'>Click to show all stack frames</a>
<div class='stack-trace' id='stack-trace794137839'><pre>org.openqa.selenium.SessionNotCreatedException: session not created
from disconnected: received Inspector.detached event
  (Session info: chrome=104.0.5112.79)
Build info: version: &apos;3.141.59&apos;, revision: &apos;e82be7d358&apos;, time: &apos;2018-11-14T08:17:03&apos;
System info: host: &apos;RESHMA-PC&apos;, ip: &apos;192.168.61.1&apos;, os.name: &apos;Windows 10&apos;, os.arch: &apos;amd64&apos;, os.version: &apos;10.0&apos;, java.version: &apos;16.0.1&apos;
Driver info: driver.version: ChromeDriver
remote stacktrace: Backtrace:
	Ordinal0 [0x008778B3+2193587]
	Ordinal0 [0x00810681+1771137]
	Ordinal0 [0x007241A8+803240]
	Ordinal0 [0x00717E1E+753182]
	Ordinal0 [0x00717A0F+752143]
	Ordinal0 [0x00716FAF+749487]
	Ordinal0 [0x00715E94+745108]
	Ordinal0 [0x0071636D+746349]
	Ordinal0 [0x00715AA5+744101]
	Ordinal0 [0x0071FD53+785747]
	Ordinal0 [0x00715A55+744021]
	Ordinal0 [0x00716B58+748376]
	Ordinal0 [0x00715E94+745108]
	Ordinal0 [0x0071636D+746349]
	Ordinal0 [0x00715AA5+744101]
	Ordinal0 [0x0071DA58+776792]
	Ordinal0 [0x00715A55+744021]
	Ordinal0 [0x00716B58+748376]
	Ordinal0 [0x00715E94+745108]
	Ordinal0 [0x0071636D+746349]
	Ordinal0 [0x00715AA5+744101]
	Ordinal0 [0x0071B452+767058]
	Ordinal0 [0x00715A55+744021]
	Ordinal0 [0x00716B58+748376]
	Ordinal0 [0x00715E94+745108]
	Ordinal0 [0x0071636D+746349]
	Ordinal0 [0x00715AA5+744101]
	Ordinal0 [0x0071148D+726157]
	Ordinal0 [0x00715A55+744021]
	Ordinal0 [0x007157E0+743392]
	Ordinal0 [0x00715529+742697]
	Ordinal0 [0x00725500+808192]
	Ordinal0 [0x00773449+1127497]
	Ordinal0 [0x0077200A+1122314]
	Ordinal0 [0x0076D5C6+1103302]
	Ordinal0 [0x007477E0+948192]
	Ordinal0 [0x007486E6+952038]
	GetHandleVerifier [0x00B20CB2+2738370]
	GetHandleVerifier [0x00B121B8+2678216]
	GetHandleVerifier [0x009017AA+512954]
	GetHandleVerifier [0x00900856+509030]
	Ordinal0 [0x0081743B+1799227]
	Ordinal0 [0x0081BB68+1817448]
	Ordinal0 [0x0081BC55+1817685]
	Ordinal0 [0x00825230+1856048]
	BaseThreadInitThunk [0x75FAFA29+25]
	RtlGetAppContainerNamedObjectPath [0x776C7A9E+286]
	RtlGetAppContainerNamedObjectPath [0x776C7A6E+238]

	at java.base/jdk.internal.reflect.NativeConstructorAccessorImpl.newInstance0(Native Method)
	at java.base/jdk.internal.reflect.NativeConstructorAccessorImpl.newInstance(NativeConstructorAccessorImpl.java:78)
	at java.base/jdk.internal.reflect.DelegatingConstructorAccessorImpl.newInstance(DelegatingConstructorAccessorImpl.java:45)
	at java.base/java.lang.reflect.Constructor.newInstanceWithCaller(Constructor.java:499)
	at java.base/java.lang.reflect.Constructor.newInstance(Constructor.java:480)
	at org.openqa.selenium.remote.W3CHandshakeResponse.lambda$errorHandler$0(W3CHandshakeResponse.java:62)
	at org.openqa.selenium.remote.HandshakeResponse.lambda$getResponseFunction$0(HandshakeResponse.java:30)
	at org.openqa.selenium.remote.ProtocolHandshake.lambda$createSession$0(ProtocolHandshake.java:126)
	at java.base/java.util.stream.ReferencePipeline$3$1.accept(ReferencePipeline.java:197)
	at java.base/java.util.Spliterators$ArraySpliterator.tryAdvance(Spliterators.java:958)
	at java.base/java.util.stream.ReferencePipeline.forEachWithCancel(ReferencePipeline.java:129)
	at java.base/java.util.stream.AbstractPipeline.copyIntoWithCancel(AbstractPipeline.java:502)
	at java.base/java.util.stream.AbstractPipeline.copyInto(AbstractPipeline.java:488)
	at java.base/java.util.stream.AbstractPipeline.wrapAndCopyInto(AbstractPipeline.java:474)
	at java.base/java.util.stream.FindOps$FindOp.evaluateSequential(FindOps.java:150)
	at java.base/java.util.stream.AbstractPipeline.evaluate(AbstractPipeline.java:234)
	at java.base/java.util.stream.ReferencePipeline.findFirst(ReferencePipeline.java:647)
	at org.openqa.selenium.remote.ProtocolHandshake.createSession(ProtocolHandshake.java:128)
	at org.openqa.selenium.remote.ProtocolHandshake.createSession(ProtocolHandshake.java:74)
	at org.openqa.selenium.remote.HttpCommandExecutor.execute(HttpCommandExecutor.java:136)
	at org.openqa.selenium.remote.service.DriverCommandExecutor.execute(DriverCommandExecutor.java:83)
	at org.openqa.selenium.remote.RemoteWebDriver.execute(RemoteWebDriver.java:552)
	at org.openqa.selenium.remote.RemoteWebDriver.startSession(RemoteWebDriver.java:213)
	at org.openqa.selenium.remote.RemoteWebDriver.&lt;init&gt;(RemoteWebDriver.java:131)
	at org.openqa.selenium.chrome.ChromeDriver.&lt;init&gt;(ChromeDriver.java:181)
	at org.openqa.selenium.chrome.ChromeDriver.&lt;init&gt;(ChromeDriver.java:168)
	at org.openqa.selenium.chrome.ChromeDriver.&lt;init&gt;(ChromeDriver.java:123)
	at GenericUtilities.BaseClassUtilities.launchTheBrowse(BaseClassUtilities.java:45)
	at java.base/jdk.internal.reflect.NativeMethodAccessorImpl.invoke0(Native Method)
	at java.base/jdk.internal.reflect.NativeMethodAccessorImpl.invoke(NativeMethodAccessorImpl.java:78)
	at java.base/jdk.internal.reflect.DelegatingMethodAccessorImpl.invoke(DelegatingMethodAccessorImpl.java:43)
	at java.base/java.lang.reflect.Method.invoke(Method.java:567)
	at org.testng.internal.MethodInvocationHelper.invokeMethod(MethodInvocationHelper.java:133)
	at org.testng.internal.MethodInvocationHelper.invokeMethodConsideringTimeout(MethodInvocationHelper.java:62)
	at org.testng.internal.ConfigInvoker.invokeConfigurationMethod(ConfigInvoker.java:385)
	at org.testng.internal.ConfigInvoker.invokeConfigurations(ConfigInvoker.java:321)
	at org.testng.internal.TestMethodWorker.invokeBeforeClassMethods(TestMethodWorker.java:176)
	at org.testng.internal.TestMethodWorker.run(TestMethodWorker.java:122)
	at java.base/java.util.ArrayList.forEach(ArrayList.java:1511)
	at org.testng.TestRunner.privateRun(TestRunner.java:794)
	at org.testng.TestRunner.run(TestRunner.java:596)
	at org.testng.SuiteRunner.runTest(SuiteRunner.java:377)
	at org.testng.SuiteRunner.access$000(SuiteRunner.java:28)
	at org.testng.SuiteRunner$SuiteWorker.run(SuiteRunner.java:418)
	at org.testng.internal.thread.ThreadUtil.lambda$execute$0(ThreadUtil.java:64)
	at java.base/java.util.concurrent.FutureTask.run(FutureTask.java:264)
	at java.base/java.util.concurrent.ThreadPoolExecutor.runWorker(ThreadPoolExecutor.java:1130)
	at java.base/java.util.concurrent.ThreadPoolExecutor$Worker.run(ThreadPoolExecutor.java:630)
	at java.base/java.lang.Thread.run(Thread.java:831)
</pre></div></td>
<td>0</td>
<td>com.crm.Campaign.CampaignAdvanceSaerchTest@2ea41516</td></tr>
</table><p>
</body>
</html>