<?xml version="1.0" encoding="UTF-8"?>
<!-- Generated by org.testng.reporters.JUnitXMLReporter -->
<testsuite ignored="2" hostname="Reshma-PC" failures="0" tests="2" name="Test-Runner-firefox" time="31.193" errors="0" timestamp="2022-08-09T23:20:39 IST">
  <testcase classname="GenericUtilities.BaseClassUtilities" name="@BeforeClass launchTheBrowse" time="18.463">
    <failure type="java.lang.NullPointerException" message="Cannot invoke &amp;quot;org.openqa.selenium.WebDriver.manage()&amp;quot; because &amp;quot;this.driver&amp;quot; is null">
      <![CDATA[java.lang.NullPointerException: Cannot invoke "org.openqa.selenium.WebDriver.manage()" because "this.driver" is null
at GenericUtilities.WebDriverUtilities.WaitForPageToLoad(WebDriverUtilities.java:35)
at GenericUtilities.BaseClassUtilities.launchTheBrowse(BaseClassUtilities.java:57)
at java.base/java.util.ArrayList.forEach(ArrayList.java:1511)
at java.base/java.util.concurrent.FutureTask.run(FutureTask.java:264)
at java.base/java.util.concurrent.ThreadPoolExecutor.runWorker(ThreadPoolExecutor.java:1130)
at java.base/java.util.concurrent.ThreadPoolExecutor$Worker.run(ThreadPoolExecutor.java:630)
at java.base/java.lang.Thread.run(Thread.java:831)
... Removed 16 stack frames]]>
    </failure>
  </testcase> <!-- @BeforeClass launchTheBrowse -->
  <testcase classname="GenericUtilities.BaseClassUtilities" name="@BeforeMethod loginToAppln" time="-1.660067426693E9">
    <skipped/>
  </testcase> <!-- @BeforeMethod loginToAppln -->
  <testcase classname="GenericUtilities.BaseClassUtilities" name="@AfterMethod LogoutFromAppln" time="-1.660067426735E9">
    <skipped/>
  </testcase> <!-- @AfterMethod LogoutFromAppln -->
  <testcase classname="GenericUtilities.BaseClassUtilities" name="@AfterClass closeTheBrowser" time="-1.660067426742E9">
    <skipped/>
  </testcase> <!-- @AfterClass closeTheBrowser -->
  <testcase classname="GenericUtilities.BaseClassUtilities" name="@BeforeClass launchTheBrowse" time="12.33">
    <failure type="org.openqa.selenium.SessionNotCreatedException" message="session not created
from disconnected: received Inspector.detached event
  (Session info: chrome=104.0.5112.79)
Build info: version: &amp;apos;3.141.59&amp;apos;, revision: &amp;apos;e82be7d358&amp;apos;, time: &amp;apos;2018-11-14T08:17:03&amp;apos;
System info: host: &amp;apos;RESHMA-PC&amp;apos;, ip: &amp;apos;192.168.61.1&amp;apos;, os.name: &amp;apos;Windows 10&amp;apos;, os.arch: &amp;apos;amd64&amp;apos;, os.version: &amp;apos;10.0&amp;apos;, java.version: &amp;apos;16.0.1&amp;apos;
Driver info: driver.version: ChromeDriver
remote stacktrace: Backtrace:
	Ordinal0 [0x008778B3+2193587]
	Ordinal0 [0x00810681+1771137]
	Ordinal0 [0x007241A8+803240]
	Ordinal0 [0x00717E1E+753182]
	Ordinal0 [0x00717A0F+752143]
	Ordinal0 [0x00716FAF+749487]
	Ordinal0 [0x00715E94+745108]
	Ordinal0 [0x0071636D+746349]
	Ordinal0 [0x00715AA5+744101]
	Ordinal0 [0x0071FD53+785747]
	Ordinal0 [0x00715A55+744021]
	Ordinal0 [0x00716B58+748376]
	Ordinal0 [0x00715E94+745108]
	Ordinal0 [0x0071636D+746349]
	Ordinal0 [0x00715AA5+744101]
	Ordinal0 [0x0071DA58+776792]
	Ordinal0 [0x00715A55+744021]
	Ordinal0 [0x00716B58+748376]
	Ordinal0 [0x00715E94+745108]
	Ordinal0 [0x0071636D+746349]
	Ordinal0 [0x00715AA5+744101]
	Ordinal0 [0x0071B452+767058]
	Ordinal0 [0x00715A55+744021]
	Ordinal0 [0x00716B58+748376]
	Ordinal0 [0x00715E94+745108]
	Ordinal0 [0x0071636D+746349]
	Ordinal0 [0x00715AA5+744101]
	Ordinal0 [0x0071148D+726157]
	Ordinal0 [0x00715A55+744021]
	Ordinal0 [0x007157E0+743392]
	Ordinal0 [0x00715529+742697]
	Ordinal0 [0x00725500+808192]
	Ordinal0 [0x00773449+1127497]
	Ordinal0 [0x0077200A+1122314]
	Ordinal0 [0x0076D5C6+1103302]
	Ordinal0 [0x007477E0+948192]
	Ordinal0 [0x007486E6+952038]
	GetHandleVerifier [0x00B20CB2+2738370]
	GetHandleVerifier [0x00B121B8+2678216]
	GetHandleVerifier [0x009017AA+512954]
	GetHandleVerifier [0x00900856+509030]
	Ordinal0 [0x0081743B+1799227]
	Ordinal0 [0x0081BB68+1817448]
	Ordinal0 [0x0081BC55+1817685]
	Ordinal0 [0x00825230+1856048]
	BaseThreadInitThunk [0x75FAFA29+25]
	RtlGetAppContainerNamedObjectPath [0x776C7A9E+286]
	RtlGetAppContainerNamedObjectPath [0x776C7A6E+238]
">
      <![CDATA[org.openqa.selenium.SessionNotCreatedException: session not created
from disconnected: received Inspector.detached event
  (Session info: chrome=104.0.5112.79)
Build info: version: '3.141.59', revision: 'e82be7d358', time: '2018-11-14T08:17:03'
System info: host: 'RESHMA-PC', ip: '192.168.61.1', os.name: 'Windows 10', os.arch: 'amd64', os.version: '10.0', java.version: '16.0.1'
Driver info: driver.version: ChromeDriver
remote stacktrace: Backtrace:
Ordinal0 [0x008778B3+2193587]
Ordinal0 [0x00810681+1771137]
Ordinal0 [0x007241A8+803240]
Ordinal0 [0x00717E1E+753182]
Ordinal0 [0x00717A0F+752143]
Ordinal0 [0x00716FAF+749487]
Ordinal0 [0x00715E94+745108]
Ordinal0 [0x0071636D+746349]
Ordinal0 [0x00715AA5+744101]
Ordinal0 [0x0071FD53+785747]
Ordinal0 [0x00715A55+744021]
Ordinal0 [0x00716B58+748376]
Ordinal0 [0x00715E94+745108]
Ordinal0 [0x0071636D+746349]
Ordinal0 [0x00715AA5+744101]
Ordinal0 [0x0071DA58+776792]
Ordinal0 [0x00715A55+744021]
Ordinal0 [0x00716B58+748376]
Ordinal0 [0x00715E94+745108]
Ordinal0 [0x0071636D+746349]
Ordinal0 [0x00715AA5+744101]
Ordinal0 [0x0071B452+767058]
Ordinal0 [0x00715A55+744021]
Ordinal0 [0x00716B58+748376]
Ordinal0 [0x00715E94+745108]
Ordinal0 [0x0071636D+746349]
Ordinal0 [0x00715AA5+744101]
Ordinal0 [0x0071148D+726157]
Ordinal0 [0x00715A55+744021]
Ordinal0 [0x007157E0+743392]
Ordinal0 [0x00715529+742697]
Ordinal0 [0x00725500+808192]
Ordinal0 [0x00773449+1127497]
Ordinal0 [0x0077200A+1122314]
Ordinal0 [0x0076D5C6+1103302]
Ordinal0 [0x007477E0+948192]
Ordinal0 [0x007486E6+952038]
GetHandleVerifier [0x00B20CB2+2738370]
GetHandleVerifier [0x00B121B8+2678216]
GetHandleVerifier [0x009017AA+512954]
GetHandleVerifier [0x00900856+509030]
Ordinal0 [0x0081743B+1799227]
Ordinal0 [0x0081BB68+1817448]
Ordinal0 [0x0081BC55+1817685]
Ordinal0 [0x00825230+1856048]
BaseThreadInitThunk [0x75FAFA29+25]
RtlGetAppContainerNamedObjectPath [0x776C7A9E+286]
RtlGetAppContainerNamedObjectPath [0x776C7A6E+238]

at org.openqa.selenium.remote.W3CHandshakeResponse.lambda$errorHandler$0(W3CHandshakeResponse.java:62)
at org.openqa.selenium.remote.HandshakeResponse.lambda$getResponseFunction$0(HandshakeResponse.java:30)
at org.openqa.selenium.remote.ProtocolHandshake.lambda$createSession$0(ProtocolHandshake.java:126)
at java.base/java.util.stream.ReferencePipeline$3$1.accept(ReferencePipeline.java:197)
at java.base/java.util.Spliterators$ArraySpliterator.tryAdvance(Spliterators.java:958)
at java.base/java.util.stream.ReferencePipeline.forEachWithCancel(ReferencePipeline.java:129)
at java.base/java.util.stream.AbstractPipeline.copyIntoWithCancel(AbstractPipeline.java:502)
at java.base/java.util.stream.AbstractPipeline.copyInto(AbstractPipeline.java:488)
at java.base/java.util.stream.AbstractPipeline.wrapAndCopyInto(AbstractPipeline.java:474)
at java.base/java.util.stream.FindOps$FindOp.evaluateSequential(FindOps.java:150)
at java.base/java.util.stream.AbstractPipeline.evaluate(AbstractPipeline.java:234)
at java.base/java.util.stream.ReferencePipeline.findFirst(ReferencePipeline.java:647)
at org.openqa.selenium.remote.ProtocolHandshake.createSession(ProtocolHandshake.java:128)
at org.openqa.selenium.remote.ProtocolHandshake.createSession(ProtocolHandshake.java:74)
at org.openqa.selenium.remote.HttpCommandExecutor.execute(HttpCommandExecutor.java:136)
at org.openqa.selenium.remote.service.DriverCommandExecutor.execute(DriverCommandExecutor.java:83)
at org.openqa.selenium.remote.RemoteWebDriver.execute(RemoteWebDriver.java:552)
at org.openqa.selenium.remote.RemoteWebDriver.startSession(RemoteWebDriver.java:213)
at org.openqa.selenium.remote.RemoteWebDriver.<init>(RemoteWebDriver.java:131)
at org.openqa.selenium.chrome.ChromeDriver.<init>(ChromeDriver.java:181)
at org.openqa.selenium.chrome.ChromeDriver.<init>(ChromeDriver.java:168)
at org.openqa.selenium.chrome.ChromeDriver.<init>(ChromeDriver.java:123)
at GenericUtilities.BaseClassUtilities.launchTheBrowse(BaseClassUtilities.java:45)
at java.base/java.util.ArrayList.forEach(ArrayList.java:1511)
at java.base/java.util.concurrent.FutureTask.run(FutureTask.java:264)
at java.base/java.util.concurrent.ThreadPoolExecutor.runWorker(ThreadPoolExecutor.java:1130)
at java.base/java.util.concurrent.ThreadPoolExecutor$Worker.run(ThreadPoolExecutor.java:630)
at java.base/java.lang.Thread.run(Thread.java:831)
... Removed 21 stack frames]]>
    </failure>
  </testcase> <!-- @BeforeClass launchTheBrowse -->
  <testcase classname="GenericUtilities.BaseClassUtilities" name="@BeforeMethod loginToAppln" time="-1.660067439135E9">
    <skipped/>
  </testcase> <!-- @BeforeMethod loginToAppln -->
  <testcase classname="GenericUtilities.BaseClassUtilities" name="@AfterMethod LogoutFromAppln" time="-1.660067439147E9">
    <skipped/>
  </testcase> <!-- @AfterMethod LogoutFromAppln -->
  <testcase classname="GenericUtilities.BaseClassUtilities" name="@AfterClass closeTheBrowser" time="-1.660067439153E9">
    <skipped/>
  </testcase> <!-- @AfterClass closeTheBrowser -->
  <testcase classname="com.crm.CreateProducts.CreateProductionTest" name="CreateProduct" time="0.0">
    <skipped/>
  </testcase> <!-- CreateProduct -->
  <testcase classname="com.crm.Campaign.CampaignAdvanceSaerchTest" name="CampaignAdvanceSearch" time="0.0">
    <skipped/>
  </testcase> <!-- CampaignAdvanceSearch -->
  <testcase classname="GenericUtilities.BaseClassUtilities" name="@BeforeSuite dbconfig" time="0.0">
    <ignored/>
  </testcase> <!-- @BeforeSuite dbconfig -->
  <testcase classname="GenericUtilities.BaseClassUtilities" name="@AfterSuite closeDBConfig" time="0.0">
    <ignored/>
  </testcase> <!-- @AfterSuite closeDBConfig -->
</testsuite> <!-- Test-Runner-firefox -->
